2024-05-28 02:53:00,728 [Worker-4: Loading available Gradle versions] INFO  o.e.b.c.i.u.g.PublishedGradleVersions - Gradle version information cache is up-to-date. Trying to read.
2024-05-28 02:53:25,386 [Worker-5: Updating Maven Dependencies] INFO  o.e.m.c.i.l.LifecycleMappingFactory - Using org.eclipse.m2e.jdt.JarLifecycleMapping lifecycle mapping for MavenProject: com.mihneacristian:project_tracker:0.0.1-SNAPSHOT @ C:\Users\HP\Desktop\Spring-CRUD-Example-Project-Management-App-master2\Spring-CRUD-Example-Project-Management-App-master\pom.xml.
2024-05-28 02:53:34,130 [Worker-7: Building] INFO  o.e.m.c.i.embedder.EclipseLogger - Using 'UTF-8' encoding to copy filtered resources.
2024-05-28 02:53:34,139 [Worker-7: Building] INFO  o.e.m.c.i.embedder.EclipseLogger - Copying 1 resource
2024-05-28 02:53:34,180 [Worker-7: Building] INFO  o.e.m.c.i.embedder.EclipseLogger - Copying 30 resources
2024-05-28 02:53:34,394 [Worker-7: Building] INFO  o.e.m.c.i.embedder.EclipseLogger - Using 'UTF-8' encoding to copy filtered resources.
2024-05-28 02:53:34,395 [Worker-7: Building] INFO  o.e.m.c.i.embedder.EclipseLogger - Copying 0 resource
2024-05-28 02:59:20,246 [Worker-9: Building] INFO  o.e.m.c.i.embedder.EclipseLogger - Using 'UTF-8' encoding to copy filtered resources.
2024-05-28 02:59:20,276 [Worker-9: Building] INFO  o.e.m.c.i.embedder.EclipseLogger - Copying 0 resource
2024-05-28 02:59:20,307 [Worker-9: Building] INFO  o.e.m.c.i.embedder.EclipseLogger - Copying 0 resource
2024-05-28 02:59:20,317 [Worker-9: Building] INFO  o.e.m.c.i.embedder.EclipseLogger - Using 'UTF-8' encoding to copy filtered resources.
2024-05-28 02:59:20,319 [Worker-9: Building] INFO  o.e.m.c.i.embedder.EclipseLogger - Copying 0 resource
2024-05-28 02:59:21,572 [Worker-18: Building] INFO  o.e.m.c.i.embedder.EclipseLogger - Using 'UTF-8' encoding to copy filtered resources.
2024-05-28 02:59:21,588 [Worker-18: Building] INFO  o.e.m.c.i.embedder.EclipseLogger - Copying 0 resource
2024-05-28 02:59:21,621 [Worker-18: Building] INFO  o.e.m.c.i.embedder.EclipseLogger - Copying 1 resource
2024-05-28 02:59:21,654 [Worker-18: Building] INFO  o.e.m.c.i.embedder.EclipseLogger - Using 'UTF-8' encoding to copy filtered resources.
2024-05-28 02:59:21,656 [Worker-18: Building] INFO  o.e.m.c.i.embedder.EclipseLogger - Copying 0 resource
2024-05-28 02:59:22,953 [Worker-3: Building] INFO  o.e.m.c.i.embedder.EclipseLogger - Using 'UTF-8' encoding to copy filtered resources.
2024-05-28 02:59:22,964 [Worker-3: Building] INFO  o.e.m.c.i.embedder.EclipseLogger - Copying 0 resource
2024-05-28 02:59:22,978 [Worker-3: Building] INFO  o.e.m.c.i.embedder.EclipseLogger - Copying 0 resource
2024-05-28 02:59:22,986 [Worker-3: Building] INFO  o.e.m.c.i.embedder.EclipseLogger - Using 'UTF-8' encoding to copy filtered resources.
2024-05-28 02:59:22,987 [Worker-3: Building] INFO  o.e.m.c.i.embedder.EclipseLogger - Copying 0 resource
2024-05-28 03:03:07,325 [Worker-3: Launching Spring-CRUD-Example-Project-Management-App-master - ProjectTrackerApplication] INFO  o.e.m.c.i.embedder.EclipseLogger - Using 'UTF-8' encoding to copy filtered resources.
2024-05-28 03:03:07,334 [Worker-3: Launching Spring-CRUD-Example-Project-Management-App-master - ProjectTrackerApplication] INFO  o.e.m.c.i.embedder.EclipseLogger - Copying 1 resource
2024-05-28 03:03:07,349 [Worker-3: Launching Spring-CRUD-Example-Project-Management-App-master - ProjectTrackerApplication] INFO  o.e.m.c.i.embedder.EclipseLogger - Copying 29 resources
2024-05-28 03:03:07,368 [Worker-3: Launching Spring-CRUD-Example-Project-Management-App-master - ProjectTrackerApplication] INFO  o.e.m.c.i.embedder.EclipseLogger - Using 'UTF-8' encoding to copy filtered resources.
2024-05-28 03:03:07,370 [Worker-3: Launching Spring-CRUD-Example-Project-Management-App-master - ProjectTrackerApplication] INFO  o.e.m.c.i.embedder.EclipseLogger - Copying 0 resource
2024-05-28 03:08:12,978 [Worker-9: Building] INFO  o.e.m.c.i.embedder.EclipseLogger - Using 'UTF-8' encoding to copy filtered resources.
2024-05-28 03:08:12,992 [Worker-9: Building] INFO  o.e.m.c.i.embedder.EclipseLogger - Copying 1 resource
2024-05-28 03:08:13,005 [Worker-9: Building] INFO  o.e.m.c.i.embedder.EclipseLogger - Copying 29 resources
2024-05-28 03:08:13,023 [Worker-9: Building] INFO  o.e.m.c.i.embedder.EclipseLogger - Using 'UTF-8' encoding to copy filtered resources.
2024-05-28 03:08:13,024 [Worker-9: Building] INFO  o.e.m.c.i.embedder.EclipseLogger - Copying 0 resource
2024-05-28 03:09:23,210 [Worker-22: Building] INFO  o.e.m.c.i.embedder.EclipseLogger - Using 'UTF-8' encoding to copy filtered resources.
2024-05-28 03:09:23,230 [Worker-22: Building] INFO  o.e.m.c.i.embedder.EclipseLogger - Copying 1 resource
2024-05-28 03:09:23,239 [Worker-22: Building] INFO  o.e.m.c.i.embedder.EclipseLogger - Copying 29 resources
2024-05-28 03:09:23,257 [Worker-22: Building] INFO  o.e.m.c.i.embedder.EclipseLogger - Using 'UTF-8' encoding to copy filtered resources.
2024-05-28 03:09:23,259 [Worker-22: Building] INFO  o.e.m.c.i.embedder.EclipseLogger - Copying 0 resource
2024-05-28 09:11:42,929 [Worker-28: Building] INFO  o.e.m.c.i.embedder.EclipseLogger - Using 'UTF-8' encoding to copy filtered resources.
2024-05-28 09:11:42,937 [Worker-28: Building] INFO  o.e.m.c.i.embedder.EclipseLogger - Copying 0 resource
2024-05-28 09:11:42,947 [Worker-28: Building] INFO  o.e.m.c.i.embedder.EclipseLogger - Copying 1 resource
2024-05-28 09:11:42,955 [Worker-28: Building] INFO  o.e.m.c.i.embedder.EclipseLogger - Using 'UTF-8' encoding to copy filtered resources.
2024-05-28 09:11:42,956 [Worker-28: Building] INFO  o.e.m.c.i.embedder.EclipseLogger - Copying 0 resource
2024-05-28 09:20:22,001 [Worker-32: Building] INFO  o.e.m.c.i.embedder.EclipseLogger - Using 'UTF-8' encoding to copy filtered resources.
2024-05-28 09:20:22,018 [Worker-32: Building] INFO  o.e.m.c.i.embedder.EclipseLogger - Copying 1 resource
2024-05-28 09:20:22,041 [Worker-32: Building] INFO  o.e.m.c.i.embedder.EclipseLogger - Copying 30 resources
2024-05-28 09:20:22,080 [Worker-32: Building] INFO  o.e.m.c.i.embedder.EclipseLogger - Using 'UTF-8' encoding to copy filtered resources.
2024-05-28 09:20:22,081 [Worker-32: Building] INFO  o.e.m.c.i.embedder.EclipseLogger - Copying 0 resource
2024-05-28 09:20:36,280 [Worker-33: Building] INFO  o.e.m.c.i.embedder.EclipseLogger - Using 'UTF-8' encoding to copy filtered resources.
2024-05-28 09:20:36,289 [Worker-33: Building] INFO  o.e.m.c.i.embedder.EclipseLogger - Copying 1 resource
2024-05-28 09:20:36,297 [Worker-33: Building] INFO  o.e.m.c.i.embedder.EclipseLogger - Copying 30 resources
2024-05-28 09:20:36,312 [Worker-33: Building] INFO  o.e.m.c.i.embedder.EclipseLogger - Using 'UTF-8' encoding to copy filtered resources.
2024-05-28 09:20:36,313 [Worker-33: Building] INFO  o.e.m.c.i.embedder.EclipseLogger - Copying 0 resource
2024-05-28 09:27:36,810 [Worker-31: Building] INFO  o.e.m.c.i.embedder.EclipseLogger - Using 'UTF-8' encoding to copy filtered resources.
2024-05-28 09:27:36,815 [Worker-31: Building] INFO  o.e.m.c.i.embedder.EclipseLogger - Copying 0 resource
2024-05-28 09:27:36,824 [Worker-31: Building] INFO  o.e.m.c.i.embedder.EclipseLogger - Copying 1 resource
2024-05-28 09:27:36,830 [Worker-31: Building] INFO  o.e.m.c.i.embedder.EclipseLogger - Using 'UTF-8' encoding to copy filtered resources.
2024-05-28 09:27:36,831 [Worker-31: Building] INFO  o.e.m.c.i.embedder.EclipseLogger - Copying 0 resource
2024-05-28 09:31:38,960 [Worker-37: Building] INFO  o.e.m.c.i.embedder.EclipseLogger - Using 'UTF-8' encoding to copy filtered resources.
2024-05-28 09:31:38,969 [Worker-37: Building] INFO  o.e.m.c.i.embedder.EclipseLogger - Copying 1 resource
2024-05-28 09:31:38,977 [Worker-37: Building] INFO  o.e.m.c.i.embedder.EclipseLogger - Copying 30 resources
2024-05-28 09:31:38,989 [Worker-37: Building] INFO  o.e.m.c.i.embedder.EclipseLogger - Using 'UTF-8' encoding to copy filtered resources.
2024-05-28 09:31:38,990 [Worker-37: Building] INFO  o.e.m.c.i.embedder.EclipseLogger - Copying 0 resource
2024-05-28 09:34:45,647 [Worker-37: Building] INFO  o.e.m.c.i.embedder.EclipseLogger - Using 'UTF-8' encoding to copy filtered resources.
2024-05-28 09:34:45,655 [Worker-37: Building] INFO  o.e.m.c.i.embedder.EclipseLogger - Copying 1 resource
2024-05-28 09:34:45,666 [Worker-37: Building] INFO  o.e.m.c.i.embedder.EclipseLogger - Copying 30 resources
2024-05-28 09:34:45,680 [Worker-37: Building] INFO  o.e.m.c.i.embedder.EclipseLogger - Using 'UTF-8' encoding to copy filtered resources.
2024-05-28 09:34:45,682 [Worker-37: Building] INFO  o.e.m.c.i.embedder.EclipseLogger - Copying 0 resource
2024-05-28 09:35:03,251 [Worker-38: Building] INFO  o.e.m.c.i.embedder.EclipseLogger - Using 'UTF-8' encoding to copy filtered resources.
2024-05-28 09:35:03,258 [Worker-38: Building] INFO  o.e.m.c.i.embedder.EclipseLogger - Copying 1 resource
2024-05-28 09:35:03,269 [Worker-38: Building] INFO  o.e.m.c.i.embedder.EclipseLogger - Copying 30 resources
2024-05-28 09:35:03,285 [Worker-38: Building] INFO  o.e.m.c.i.embedder.EclipseLogger - Using 'UTF-8' encoding to copy filtered resources.
2024-05-28 09:35:03,286 [Worker-38: Building] INFO  o.e.m.c.i.embedder.EclipseLogger - Copying 0 resource
2024-05-28 09:35:17,284 [Worker-35: Building] INFO  o.e.m.c.i.embedder.EclipseLogger - Using 'UTF-8' encoding to copy filtered resources.
2024-05-28 09:35:17,288 [Worker-35: Building] INFO  o.e.m.c.i.embedder.EclipseLogger - Copying 1 resource
2024-05-28 09:35:17,294 [Worker-35: Building] INFO  o.e.m.c.i.embedder.EclipseLogger - Copying 30 resources
2024-05-28 09:35:17,303 [Worker-35: Building] INFO  o.e.m.c.i.embedder.EclipseLogger - Using 'UTF-8' encoding to copy filtered resources.
2024-05-28 09:35:17,304 [Worker-35: Building] INFO  o.e.m.c.i.embedder.EclipseLogger - Copying 0 resource
2024-05-28 09:35:32,794 [Worker-33: Launching Spring-CRUD-Example-Project-Management-App-master - ProjectTrackerApplication] INFO  o.e.m.c.i.embedder.EclipseLogger - Using 'UTF-8' encoding to copy filtered resources.
2024-05-28 09:35:32,803 [Worker-33: Launching Spring-CRUD-Example-Project-Management-App-master - ProjectTrackerApplication] INFO  o.e.m.c.i.embedder.EclipseLogger - Copying 0 resource
2024-05-28 09:35:32,818 [Worker-33: Launching Spring-CRUD-Example-Project-Management-App-master - ProjectTrackerApplication] INFO  o.e.m.c.i.embedder.EclipseLogger - Copying 1 resource
2024-05-28 09:35:32,827 [Worker-33: Launching Spring-CRUD-Example-Project-Management-App-master - ProjectTrackerApplication] INFO  o.e.m.c.i.embedder.EclipseLogger - Using 'UTF-8' encoding to copy filtered resources.
2024-05-28 09:35:32,828 [Worker-33: Launching Spring-CRUD-Example-Project-Management-App-master - ProjectTrackerApplication] INFO  o.e.m.c.i.embedder.EclipseLogger - Copying 0 resource
2024-05-28 12:32:00,367 [Worker-49: Building] INFO  o.e.m.c.i.embedder.EclipseLogger - Using 'UTF-8' encoding to copy filtered resources.
2024-05-28 12:32:00,379 [Worker-49: Building] INFO  o.e.m.c.i.embedder.EclipseLogger - Copying 1 resource
2024-05-28 12:32:00,391 [Worker-49: Building] INFO  o.e.m.c.i.embedder.EclipseLogger - Copying 30 resources
2024-05-28 12:32:00,409 [Worker-49: Building] INFO  o.e.m.c.i.embedder.EclipseLogger - Using 'UTF-8' encoding to copy filtered resources.
2024-05-28 12:32:00,411 [Worker-49: Building] INFO  o.e.m.c.i.embedder.EclipseLogger - Copying 0 resource
2024-05-28 12:35:00,122 [Worker-50: Building] INFO  o.e.m.c.i.embedder.EclipseLogger - Using 'UTF-8' encoding to copy filtered resources.
2024-05-28 12:35:00,130 [Worker-50: Building] INFO  o.e.m.c.i.embedder.EclipseLogger - Copying 1 resource
2024-05-28 12:35:00,137 [Worker-50: Building] INFO  o.e.m.c.i.embedder.EclipseLogger - Copying 30 resources
2024-05-28 12:35:00,147 [Worker-50: Building] INFO  o.e.m.c.i.embedder.EclipseLogger - Using 'UTF-8' encoding to copy filtered resources.
2024-05-28 12:35:00,147 [Worker-50: Building] INFO  o.e.m.c.i.embedder.EclipseLogger - Copying 0 resource
2024-05-28 12:38:53,632 [Worker-33: Building] INFO  o.e.m.c.i.embedder.EclipseLogger - Using 'UTF-8' encoding to copy filtered resources.
2024-05-28 12:38:53,637 [Worker-33: Building] INFO  o.e.m.c.i.embedder.EclipseLogger - Copying 1 resource
2024-05-28 12:38:53,642 [Worker-33: Building] INFO  o.e.m.c.i.embedder.EclipseLogger - Copying 30 resources
2024-05-28 12:38:53,652 [Worker-33: Building] INFO  o.e.m.c.i.embedder.EclipseLogger - Using 'UTF-8' encoding to copy filtered resources.
2024-05-28 12:38:53,653 [Worker-33: Building] INFO  o.e.m.c.i.embedder.EclipseLogger - Copying 0 resource
2024-05-28 12:39:58,453 [Worker-51: Building] INFO  o.e.m.c.i.embedder.EclipseLogger - Using 'UTF-8' encoding to copy filtered resources.
2024-05-28 12:39:58,459 [Worker-51: Building] INFO  o.e.m.c.i.embedder.EclipseLogger - Copying 1 resource
2024-05-28 12:39:58,465 [Worker-51: Building] INFO  o.e.m.c.i.embedder.EclipseLogger - Copying 30 resources
2024-05-28 12:39:58,473 [Worker-51: Building] INFO  o.e.m.c.i.embedder.EclipseLogger - Using 'UTF-8' encoding to copy filtered resources.
2024-05-28 12:39:58,475 [Worker-51: Building] INFO  o.e.m.c.i.embedder.EclipseLogger - Copying 0 resource
2024-05-28 12:42:02,684 [Worker-51: Building] INFO  o.e.m.c.i.embedder.EclipseLogger - Using 'UTF-8' encoding to copy filtered resources.
2024-05-28 12:42:02,688 [Worker-51: Building] INFO  o.e.m.c.i.embedder.EclipseLogger - Copying 0 resource
2024-05-28 12:42:02,695 [Worker-51: Building] INFO  o.e.m.c.i.embedder.EclipseLogger - Copying 1 resource
2024-05-28 12:42:02,702 [Worker-51: Building] INFO  o.e.m.c.i.embedder.EclipseLogger - Using 'UTF-8' encoding to copy filtered resources.
2024-05-28 12:42:02,703 [Worker-51: Building] INFO  o.e.m.c.i.embedder.EclipseLogger - Copying 0 resource
2024-05-28 12:43:15,675 [Worker-57: Building] INFO  o.e.m.c.i.embedder.EclipseLogger - Using 'UTF-8' encoding to copy filtered resources.
2024-05-28 12:43:15,680 [Worker-57: Building] INFO  o.e.m.c.i.embedder.EclipseLogger - Copying 1 resource
2024-05-28 12:43:15,685 [Worker-57: Building] INFO  o.e.m.c.i.embedder.EclipseLogger - Copying 30 resources
2024-05-28 12:43:15,694 [Worker-57: Building] INFO  o.e.m.c.i.embedder.EclipseLogger - Using 'UTF-8' encoding to copy filtered resources.
2024-05-28 12:43:15,695 [Worker-57: Building] INFO  o.e.m.c.i.embedder.EclipseLogger - Copying 0 resource
2024-05-28 12:44:18,624 [Worker-54: Building] INFO  o.e.m.c.i.embedder.EclipseLogger - Using 'UTF-8' encoding to copy filtered resources.
2024-05-28 12:44:18,635 [Worker-54: Building] INFO  o.e.m.c.i.embedder.EclipseLogger - Copying 1 resource
2024-05-28 12:44:18,682 [Worker-54: Building] INFO  o.e.m.c.i.embedder.EclipseLogger - Copying 30 resources
2024-05-28 12:44:18,697 [Worker-54: Building] INFO  o.e.m.c.i.embedder.EclipseLogger - Using 'UTF-8' encoding to copy filtered resources.
2024-05-28 12:44:18,699 [Worker-54: Building] INFO  o.e.m.c.i.embedder.EclipseLogger - Copying 0 resource
2024-05-28 12:45:11,840 [Worker-58: Building] INFO  o.e.m.c.i.embedder.EclipseLogger - Using 'UTF-8' encoding to copy filtered resources.
2024-05-28 12:45:11,845 [Worker-58: Building] INFO  o.e.m.c.i.embedder.EclipseLogger - Copying 1 resource
2024-05-28 12:45:11,852 [Worker-58: Building] INFO  o.e.m.c.i.embedder.EclipseLogger - Copying 30 resources
2024-05-28 12:45:11,861 [Worker-58: Building] INFO  o.e.m.c.i.embedder.EclipseLogger - Using 'UTF-8' encoding to copy filtered resources.
2024-05-28 12:45:11,862 [Worker-58: Building] INFO  o.e.m.c.i.embedder.EclipseLogger - Copying 0 resource
2024-05-28 12:46:01,711 [Worker-33: Building] INFO  o.e.m.c.i.embedder.EclipseLogger - Using 'UTF-8' encoding to copy filtered resources.
2024-05-28 12:46:01,716 [Worker-33: Building] INFO  o.e.m.c.i.embedder.EclipseLogger - Copying 1 resource
2024-05-28 12:46:01,721 [Worker-33: Building] INFO  o.e.m.c.i.embedder.EclipseLogger - Copying 30 resources
2024-05-28 12:46:01,731 [Worker-33: Building] INFO  o.e.m.c.i.embedder.EclipseLogger - Using 'UTF-8' encoding to copy filtered resources.
2024-05-28 12:46:01,732 [Worker-33: Building] INFO  o.e.m.c.i.embedder.EclipseLogger - Copying 0 resource
2024-05-28 12:46:38,257 [Worker-57: Building] INFO  o.e.m.c.i.embedder.EclipseLogger - Using 'UTF-8' encoding to copy filtered resources.
2024-05-28 12:46:38,263 [Worker-57: Building] INFO  o.e.m.c.i.embedder.EclipseLogger - Copying 1 resource
2024-05-28 12:46:38,269 [Worker-57: Building] INFO  o.e.m.c.i.embedder.EclipseLogger - Copying 30 resources
2024-05-28 12:46:38,278 [Worker-57: Building] INFO  o.e.m.c.i.embedder.EclipseLogger - Using 'UTF-8' encoding to copy filtered resources.
2024-05-28 12:46:38,280 [Worker-57: Building] INFO  o.e.m.c.i.embedder.EclipseLogger - Copying 0 resource
2024-05-28 12:49:18,262 [Worker-55: Building] INFO  o.e.m.c.i.embedder.EclipseLogger - Using 'UTF-8' encoding to copy filtered resources.
2024-05-28 12:49:18,266 [Worker-55: Building] INFO  o.e.m.c.i.embedder.EclipseLogger - Copying 1 resource
2024-05-28 12:49:18,271 [Worker-55: Building] INFO  o.e.m.c.i.embedder.EclipseLogger - Copying 30 resources
2024-05-28 12:49:18,279 [Worker-55: Building] INFO  o.e.m.c.i.embedder.EclipseLogger - Using 'UTF-8' encoding to copy filtered resources.
2024-05-28 12:49:18,280 [Worker-55: Building] INFO  o.e.m.c.i.embedder.EclipseLogger - Copying 0 resource
2024-05-28 12:55:11,248 [Worker-51: Building] INFO  o.e.m.c.i.embedder.EclipseLogger - Using 'UTF-8' encoding to copy filtered resources.
2024-05-28 12:55:11,252 [Worker-51: Building] INFO  o.e.m.c.i.embedder.EclipseLogger - Copying 1 resource
2024-05-28 12:55:11,257 [Worker-51: Building] INFO  o.e.m.c.i.embedder.EclipseLogger - Copying 30 resources
2024-05-28 12:55:11,265 [Worker-51: Building] INFO  o.e.m.c.i.embedder.EclipseLogger - Using 'UTF-8' encoding to copy filtered resources.
2024-05-28 12:55:11,266 [Worker-51: Building] INFO  o.e.m.c.i.embedder.EclipseLogger - Copying 0 resource
2024-05-28 12:55:37,500 [Worker-60: Building] INFO  o.e.m.c.i.embedder.EclipseLogger - Using 'UTF-8' encoding to copy filtered resources.
2024-05-28 12:55:37,505 [Worker-60: Building] INFO  o.e.m.c.i.embedder.EclipseLogger - Copying 1 resource
2024-05-28 12:55:37,510 [Worker-60: Building] INFO  o.e.m.c.i.embedder.EclipseLogger - Copying 30 resources
2024-05-28 12:55:37,518 [Worker-60: Building] INFO  o.e.m.c.i.embedder.EclipseLogger - Using 'UTF-8' encoding to copy filtered resources.
2024-05-28 12:55:37,519 [Worker-60: Building] INFO  o.e.m.c.i.embedder.EclipseLogger - Copying 0 resource
2024-05-28 12:55:53,026 [Worker-58: Building] INFO  o.e.m.c.i.embedder.EclipseLogger - Using 'UTF-8' encoding to copy filtered resources.
2024-05-28 12:55:53,031 [Worker-58: Building] INFO  o.e.m.c.i.embedder.EclipseLogger - Copying 1 resource
2024-05-28 12:55:53,036 [Worker-58: Building] INFO  o.e.m.c.i.embedder.EclipseLogger - Copying 30 resources
2024-05-28 12:55:53,046 [Worker-58: Building] INFO  o.e.m.c.i.embedder.EclipseLogger - Using 'UTF-8' encoding to copy filtered resources.
2024-05-28 12:55:53,047 [Worker-58: Building] INFO  o.e.m.c.i.embedder.EclipseLogger - Copying 0 resource
2024-05-28 12:56:06,405 [Worker-51: Building] INFO  o.e.m.c.i.embedder.EclipseLogger - Using 'UTF-8' encoding to copy filtered resources.
2024-05-28 12:56:06,410 [Worker-51: Building] INFO  o.e.m.c.i.embedder.EclipseLogger - Copying 1 resource
2024-05-28 12:56:06,416 [Worker-51: Building] INFO  o.e.m.c.i.embedder.EclipseLogger - Copying 30 resources
2024-05-28 12:56:06,426 [Worker-51: Building] INFO  o.e.m.c.i.embedder.EclipseLogger - Using 'UTF-8' encoding to copy filtered resources.
2024-05-28 12:56:06,426 [Worker-51: Building] INFO  o.e.m.c.i.embedder.EclipseLogger - Copying 0 resource
2024-05-28 12:56:12,779 [Worker-51: Building] INFO  o.e.m.c.i.embedder.EclipseLogger - Using 'UTF-8' encoding to copy filtered resources.
2024-05-28 12:56:12,784 [Worker-51: Building] INFO  o.e.m.c.i.embedder.EclipseLogger - Copying 1 resource
2024-05-28 12:56:12,792 [Worker-51: Building] INFO  o.e.m.c.i.embedder.EclipseLogger - Copying 30 resources
2024-05-28 12:56:12,801 [Worker-51: Building] INFO  o.e.m.c.i.embedder.EclipseLogger - Using 'UTF-8' encoding to copy filtered resources.
2024-05-28 12:56:12,803 [Worker-51: Building] INFO  o.e.m.c.i.embedder.EclipseLogger - Copying 0 resource
2024-05-28 12:56:19,172 [Worker-62: Building] INFO  o.e.m.c.i.embedder.EclipseLogger - Using 'UTF-8' encoding to copy filtered resources.
2024-05-28 12:56:19,179 [Worker-62: Building] INFO  o.e.m.c.i.embedder.EclipseLogger - Copying 1 resource
2024-05-28 12:56:19,187 [Worker-62: Building] INFO  o.e.m.c.i.embedder.EclipseLogger - Copying 30 resources
2024-05-28 12:56:19,195 [Worker-62: Building] INFO  o.e.m.c.i.embedder.EclipseLogger - Using 'UTF-8' encoding to copy filtered resources.
2024-05-28 12:56:19,196 [Worker-62: Building] INFO  o.e.m.c.i.embedder.EclipseLogger - Copying 0 resource
2024-05-28 12:56:30,890 [Worker-58: Building] INFO  o.e.m.c.i.embedder.EclipseLogger - Using 'UTF-8' encoding to copy filtered resources.
2024-05-28 12:56:30,894 [Worker-58: Building] INFO  o.e.m.c.i.embedder.EclipseLogger - Copying 1 resource
2024-05-28 12:56:30,899 [Worker-58: Building] INFO  o.e.m.c.i.embedder.EclipseLogger - Copying 30 resources
2024-05-28 12:56:30,906 [Worker-58: Building] INFO  o.e.m.c.i.embedder.EclipseLogger - Using 'UTF-8' encoding to copy filtered resources.
2024-05-28 12:56:30,907 [Worker-58: Building] INFO  o.e.m.c.i.embedder.EclipseLogger - Copying 0 resource
2024-05-28 12:58:58,659 [Worker-61: Building] INFO  o.e.m.c.i.embedder.EclipseLogger - Using 'UTF-8' encoding to copy filtered resources.
2024-05-28 12:58:58,667 [Worker-61: Building] INFO  o.e.m.c.i.embedder.EclipseLogger - Copying 1 resource
2024-05-28 12:58:58,674 [Worker-61: Building] INFO  o.e.m.c.i.embedder.EclipseLogger - Copying 30 resources
2024-05-28 12:58:58,685 [Worker-61: Building] INFO  o.e.m.c.i.embedder.EclipseLogger - Using 'UTF-8' encoding to copy filtered resources.
2024-05-28 12:58:58,686 [Worker-61: Building] INFO  o.e.m.c.i.embedder.EclipseLogger - Copying 0 resource
2024-05-28 13:00:09,429 [Worker-51: Building] INFO  o.e.m.c.i.embedder.EclipseLogger - Using 'UTF-8' encoding to copy filtered resources.
2024-05-28 13:00:09,437 [Worker-51: Building] INFO  o.e.m.c.i.embedder.EclipseLogger - Copying 1 resource
2024-05-28 13:00:09,448 [Worker-51: Building] INFO  o.e.m.c.i.embedder.EclipseLogger - Copying 30 resources
2024-05-28 13:00:09,462 [Worker-51: Building] INFO  o.e.m.c.i.embedder.EclipseLogger - Using 'UTF-8' encoding to copy filtered resources.
2024-05-28 13:00:09,463 [Worker-51: Building] INFO  o.e.m.c.i.embedder.EclipseLogger - Copying 0 resource
2024-05-28 13:01:13,597 [Worker-58: Building] INFO  o.e.m.c.i.embedder.EclipseLogger - Using 'UTF-8' encoding to copy filtered resources.
2024-05-28 13:01:13,601 [Worker-58: Building] INFO  o.e.m.c.i.embedder.EclipseLogger - Copying 1 resource
2024-05-28 13:01:13,607 [Worker-58: Building] INFO  o.e.m.c.i.embedder.EclipseLogger - Copying 30 resources
2024-05-28 13:01:13,615 [Worker-58: Building] INFO  o.e.m.c.i.embedder.EclipseLogger - Using 'UTF-8' encoding to copy filtered resources.
2024-05-28 13:01:13,616 [Worker-58: Building] INFO  o.e.m.c.i.embedder.EclipseLogger - Copying 0 resource
2024-05-28 13:03:23,543 [Worker-61: Building] INFO  o.e.m.c.i.embedder.EclipseLogger - Using 'UTF-8' encoding to copy filtered resources.
2024-05-28 13:03:23,548 [Worker-61: Building] INFO  o.e.m.c.i.embedder.EclipseLogger - Copying 1 resource
2024-05-28 13:03:23,553 [Worker-61: Building] INFO  o.e.m.c.i.embedder.EclipseLogger - Copying 30 resources
2024-05-28 13:03:23,562 [Worker-61: Building] INFO  o.e.m.c.i.embedder.EclipseLogger - Using 'UTF-8' encoding to copy filtered resources.
2024-05-28 13:03:23,563 [Worker-61: Building] INFO  o.e.m.c.i.embedder.EclipseLogger - Copying 0 resource
2024-05-28 13:03:29,609 [Worker-58: Building] INFO  o.e.m.c.i.embedder.EclipseLogger - Using 'UTF-8' encoding to copy filtered resources.
2024-05-28 13:03:29,615 [Worker-58: Building] INFO  o.e.m.c.i.embedder.EclipseLogger - Copying 1 resource
2024-05-28 13:03:29,622 [Worker-58: Building] INFO  o.e.m.c.i.embedder.EclipseLogger - Copying 30 resources
2024-05-28 13:03:29,632 [Worker-58: Building] INFO  o.e.m.c.i.embedder.EclipseLogger - Using 'UTF-8' encoding to copy filtered resources.
2024-05-28 13:03:29,633 [Worker-58: Building] INFO  o.e.m.c.i.embedder.EclipseLogger - Copying 0 resource
2024-05-28 13:03:59,670 [Worker-62: Building] INFO  o.e.m.c.i.embedder.EclipseLogger - Using 'UTF-8' encoding to copy filtered resources.
2024-05-28 13:03:59,675 [Worker-62: Building] INFO  o.e.m.c.i.embedder.EclipseLogger - Copying 1 resource
2024-05-28 13:03:59,681 [Worker-62: Building] INFO  o.e.m.c.i.embedder.EclipseLogger - Copying 30 resources
2024-05-28 13:03:59,689 [Worker-62: Building] INFO  o.e.m.c.i.embedder.EclipseLogger - Using 'UTF-8' encoding to copy filtered resources.
2024-05-28 13:03:59,690 [Worker-62: Building] INFO  o.e.m.c.i.embedder.EclipseLogger - Copying 0 resource
2024-05-28 13:04:09,864 [Worker-55: Building] INFO  o.e.m.c.i.embedder.EclipseLogger - Using 'UTF-8' encoding to copy filtered resources.
2024-05-28 13:04:09,870 [Worker-55: Building] INFO  o.e.m.c.i.embedder.EclipseLogger - Copying 1 resource
2024-05-28 13:04:09,880 [Worker-55: Building] INFO  o.e.m.c.i.embedder.EclipseLogger - Copying 30 resources
2024-05-28 13:04:09,890 [Worker-55: Building] INFO  o.e.m.c.i.embedder.EclipseLogger - Using 'UTF-8' encoding to copy filtered resources.
2024-05-28 13:04:09,891 [Worker-55: Building] INFO  o.e.m.c.i.embedder.EclipseLogger - Copying 0 resource
2024-05-28 13:04:29,810 [Worker-51: Building] INFO  o.e.m.c.i.embedder.EclipseLogger - Using 'UTF-8' encoding to copy filtered resources.
2024-05-28 13:04:29,816 [Worker-51: Building] INFO  o.e.m.c.i.embedder.EclipseLogger - Copying 1 resource
2024-05-28 13:04:29,821 [Worker-51: Building] INFO  o.e.m.c.i.embedder.EclipseLogger - Copying 30 resources
2024-05-28 13:04:29,828 [Worker-51: Building] INFO  o.e.m.c.i.embedder.EclipseLogger - Using 'UTF-8' encoding to copy filtered resources.
2024-05-28 13:04:29,829 [Worker-51: Building] INFO  o.e.m.c.i.embedder.EclipseLogger - Copying 0 resource
2024-05-28 13:04:39,488 [Worker-51: Building] INFO  o.e.m.c.i.embedder.EclipseLogger - Using 'UTF-8' encoding to copy filtered resources.
2024-05-28 13:04:39,492 [Worker-51: Building] INFO  o.e.m.c.i.embedder.EclipseLogger - Copying 1 resource
2024-05-28 13:04:39,498 [Worker-51: Building] INFO  o.e.m.c.i.embedder.EclipseLogger - Copying 30 resources
2024-05-28 13:04:39,507 [Worker-51: Building] INFO  o.e.m.c.i.embedder.EclipseLogger - Using 'UTF-8' encoding to copy filtered resources.
2024-05-28 13:04:39,508 [Worker-51: Building] INFO  o.e.m.c.i.embedder.EclipseLogger - Copying 0 resource
2024-05-28 13:04:50,075 [Worker-63: Building] INFO  o.e.m.c.i.embedder.EclipseLogger - Using 'UTF-8' encoding to copy filtered resources.
2024-05-28 13:04:50,080 [Worker-63: Building] INFO  o.e.m.c.i.embedder.EclipseLogger - Copying 1 resource
2024-05-28 13:04:50,087 [Worker-63: Building] INFO  o.e.m.c.i.embedder.EclipseLogger - Copying 30 resources
2024-05-28 13:04:50,098 [Worker-63: Building] INFO  o.e.m.c.i.embedder.EclipseLogger - Using 'UTF-8' encoding to copy filtered resources.
2024-05-28 13:04:50,099 [Worker-63: Building] INFO  o.e.m.c.i.embedder.EclipseLogger - Copying 0 resource
2024-05-28 13:06:04,290 [Worker-51: Building] INFO  o.e.m.c.i.embedder.EclipseLogger - Using 'UTF-8' encoding to copy filtered resources.
2024-05-28 13:06:04,295 [Worker-51: Building] INFO  o.e.m.c.i.embedder.EclipseLogger - Copying 1 resource
2024-05-28 13:06:04,300 [Worker-51: Building] INFO  o.e.m.c.i.embedder.EclipseLogger - Copying 30 resources
2024-05-28 13:06:04,308 [Worker-51: Building] INFO  o.e.m.c.i.embedder.EclipseLogger - Using 'UTF-8' encoding to copy filtered resources.
2024-05-28 13:06:04,309 [Worker-51: Building] INFO  o.e.m.c.i.embedder.EclipseLogger - Copying 0 resource
2024-05-28 13:07:48,671 [Worker-64: Building] INFO  o.e.m.c.i.embedder.EclipseLogger - Using 'UTF-8' encoding to copy filtered resources.
2024-05-28 13:07:48,679 [Worker-64: Building] INFO  o.e.m.c.i.embedder.EclipseLogger - Copying 1 resource
2024-05-28 13:07:48,716 [Worker-64: Building] INFO  o.e.m.c.i.embedder.EclipseLogger - Copying 30 resources
2024-05-28 13:07:48,744 [Worker-64: Building] INFO  o.e.m.c.i.embedder.EclipseLogger - Using 'UTF-8' encoding to copy filtered resources.
2024-05-28 13:07:48,745 [Worker-64: Building] INFO  o.e.m.c.i.embedder.EclipseLogger - Copying 0 resource
2024-05-28 13:08:05,108 [Worker-62: Building] INFO  o.e.m.c.i.embedder.EclipseLogger - Using 'UTF-8' encoding to copy filtered resources.
2024-05-28 13:08:05,113 [Worker-62: Building] INFO  o.e.m.c.i.embedder.EclipseLogger - Copying 1 resource
2024-05-28 13:08:05,119 [Worker-62: Building] INFO  o.e.m.c.i.embedder.EclipseLogger - Copying 30 resources
2024-05-28 13:08:05,128 [Worker-62: Building] INFO  o.e.m.c.i.embedder.EclipseLogger - Using 'UTF-8' encoding to copy filtered resources.
2024-05-28 13:08:05,129 [Worker-62: Building] INFO  o.e.m.c.i.embedder.EclipseLogger - Copying 0 resource
2024-05-28 13:08:36,405 [Worker-63: Building] INFO  o.e.m.c.i.embedder.EclipseLogger - Using 'UTF-8' encoding to copy filtered resources.
2024-05-28 13:08:36,412 [Worker-63: Building] INFO  o.e.m.c.i.embedder.EclipseLogger - Copying 1 resource
2024-05-28 13:08:36,423 [Worker-63: Building] INFO  o.e.m.c.i.embedder.EclipseLogger - Copying 30 resources
2024-05-28 13:08:36,438 [Worker-63: Building] INFO  o.e.m.c.i.embedder.EclipseLogger - Using 'UTF-8' encoding to copy filtered resources.
2024-05-28 13:08:36,439 [Worker-63: Building] INFO  o.e.m.c.i.embedder.EclipseLogger - Copying 0 resource
2024-05-28 13:09:28,555 [Worker-65: Building] INFO  o.e.m.c.i.embedder.EclipseLogger - Using 'UTF-8' encoding to copy filtered resources.
2024-05-28 13:09:28,559 [Worker-65: Building] INFO  o.e.m.c.i.embedder.EclipseLogger - Copying 1 resource
2024-05-28 13:09:28,563 [Worker-65: Building] INFO  o.e.m.c.i.embedder.EclipseLogger - Copying 30 resources
2024-05-28 13:09:28,570 [Worker-65: Building] INFO  o.e.m.c.i.embedder.EclipseLogger - Using 'UTF-8' encoding to copy filtered resources.
2024-05-28 13:09:28,570 [Worker-65: Building] INFO  o.e.m.c.i.embedder.EclipseLogger - Copying 0 resource
2024-05-28 13:10:13,999 [Worker-55: Building] INFO  o.e.m.c.i.embedder.EclipseLogger - Using 'UTF-8' encoding to copy filtered resources.
2024-05-28 13:10:14,006 [Worker-55: Building] INFO  o.e.m.c.i.embedder.EclipseLogger - Copying 1 resource
2024-05-28 13:10:14,013 [Worker-55: Building] INFO  o.e.m.c.i.embedder.EclipseLogger - Copying 30 resources
2024-05-28 13:10:14,024 [Worker-55: Building] INFO  o.e.m.c.i.embedder.EclipseLogger - Using 'UTF-8' encoding to copy filtered resources.
2024-05-28 13:10:14,025 [Worker-55: Building] INFO  o.e.m.c.i.embedder.EclipseLogger - Copying 0 resource
2024-05-28 13:11:00,063 [Worker-64: Building] INFO  o.e.m.c.i.embedder.EclipseLogger - Using 'UTF-8' encoding to copy filtered resources.
2024-05-28 13:11:00,069 [Worker-64: Building] INFO  o.e.m.c.i.embedder.EclipseLogger - Copying 1 resource
2024-05-28 13:11:00,075 [Worker-64: Building] INFO  o.e.m.c.i.embedder.EclipseLogger - Copying 30 resources
2024-05-28 13:11:00,083 [Worker-64: Building] INFO  o.e.m.c.i.embedder.EclipseLogger - Using 'UTF-8' encoding to copy filtered resources.
2024-05-28 13:11:00,084 [Worker-64: Building] INFO  o.e.m.c.i.embedder.EclipseLogger - Copying 0 resource
2024-05-28 13:11:09,746 [Worker-63: Building] INFO  o.e.m.c.i.embedder.EclipseLogger - Using 'UTF-8' encoding to copy filtered resources.
2024-05-28 13:11:09,750 [Worker-63: Building] INFO  o.e.m.c.i.embedder.EclipseLogger - Copying 1 resource
2024-05-28 13:11:09,755 [Worker-63: Building] INFO  o.e.m.c.i.embedder.EclipseLogger - Copying 30 resources
2024-05-28 13:11:09,763 [Worker-63: Building] INFO  o.e.m.c.i.embedder.EclipseLogger - Using 'UTF-8' encoding to copy filtered resources.
2024-05-28 13:11:09,764 [Worker-63: Building] INFO  o.e.m.c.i.embedder.EclipseLogger - Copying 0 resource
2024-05-28 13:11:39,368 [Worker-64: Launching Spring-CRUD-Example-Project-Management-App-master - ProjectTrackerApplication] INFO  o.e.m.c.i.embedder.EclipseLogger - Using 'UTF-8' encoding to copy filtered resources.
2024-05-28 13:11:39,373 [Worker-64: Launching Spring-CRUD-Example-Project-Management-App-master - ProjectTrackerApplication] INFO  o.e.m.c.i.embedder.EclipseLogger - Copying 1 resource
2024-05-28 13:11:39,380 [Worker-64: Launching Spring-CRUD-Example-Project-Management-App-master - ProjectTrackerApplication] INFO  o.e.m.c.i.embedder.EclipseLogger - Copying 30 resources
2024-05-28 13:11:39,390 [Worker-64: Launching Spring-CRUD-Example-Project-Management-App-master - ProjectTrackerApplication] INFO  o.e.m.c.i.embedder.EclipseLogger - Using 'UTF-8' encoding to copy filtered resources.
2024-05-28 13:11:39,391 [Worker-64: Launching Spring-CRUD-Example-Project-Management-App-master - ProjectTrackerApplication] INFO  o.e.m.c.i.embedder.EclipseLogger - Copying 0 resource
2024-05-28 13:12:13,355 [Worker-51: Building] INFO  o.e.m.c.i.embedder.EclipseLogger - Using 'UTF-8' encoding to copy filtered resources.
2024-05-28 13:12:13,364 [Worker-51: Building] INFO  o.e.m.c.i.embedder.EclipseLogger - Copying 1 resource
2024-05-28 13:12:13,371 [Worker-51: Building] INFO  o.e.m.c.i.embedder.EclipseLogger - Copying 30 resources
2024-05-28 13:12:13,381 [Worker-51: Building] INFO  o.e.m.c.i.embedder.EclipseLogger - Using 'UTF-8' encoding to copy filtered resources.
2024-05-28 13:12:13,382 [Worker-51: Building] INFO  o.e.m.c.i.embedder.EclipseLogger - Copying 0 resource
2024-05-28 13:13:04,992 [Worker-51: Building] INFO  o.e.m.c.i.embedder.EclipseLogger - Using 'UTF-8' encoding to copy filtered resources.
2024-05-28 13:13:04,997 [Worker-51: Building] INFO  o.e.m.c.i.embedder.EclipseLogger - Copying 1 resource
2024-05-28 13:13:05,002 [Worker-51: Building] INFO  o.e.m.c.i.embedder.EclipseLogger - Copying 30 resources
2024-05-28 13:13:05,009 [Worker-51: Building] INFO  o.e.m.c.i.embedder.EclipseLogger - Using 'UTF-8' encoding to copy filtered resources.
2024-05-28 13:13:05,010 [Worker-51: Building] INFO  o.e.m.c.i.embedder.EclipseLogger - Copying 0 resource
2024-05-28 13:14:05,924 [Worker-55: Building] INFO  o.e.m.c.i.embedder.EclipseLogger - Using 'UTF-8' encoding to copy filtered resources.
2024-05-28 13:14:05,928 [Worker-55: Building] INFO  o.e.m.c.i.embedder.EclipseLogger - Copying 1 resource
2024-05-28 13:14:05,935 [Worker-55: Building] INFO  o.e.m.c.i.embedder.EclipseLogger - Copying 30 resources
2024-05-28 13:14:05,945 [Worker-55: Building] INFO  o.e.m.c.i.embedder.EclipseLogger - Using 'UTF-8' encoding to copy filtered resources.
2024-05-28 13:14:05,945 [Worker-55: Building] INFO  o.e.m.c.i.embedder.EclipseLogger - Copying 0 resource
2024-05-28 13:14:35,213 [Worker-61: Building] INFO  o.e.m.c.i.embedder.EclipseLogger - Using 'UTF-8' encoding to copy filtered resources.
2024-05-28 13:14:35,218 [Worker-61: Building] INFO  o.e.m.c.i.embedder.EclipseLogger - Copying 1 resource
2024-05-28 13:14:35,224 [Worker-61: Building] INFO  o.e.m.c.i.embedder.EclipseLogger - Copying 30 resources
2024-05-28 13:14:35,233 [Worker-61: Building] INFO  o.e.m.c.i.embedder.EclipseLogger - Using 'UTF-8' encoding to copy filtered resources.
2024-05-28 13:14:35,233 [Worker-61: Building] INFO  o.e.m.c.i.embedder.EclipseLogger - Copying 0 resource
2024-05-28 13:15:10,184 [Worker-51: Building] INFO  o.e.m.c.i.embedder.EclipseLogger - Using 'UTF-8' encoding to copy filtered resources.
2024-05-28 13:15:10,188 [Worker-51: Building] INFO  o.e.m.c.i.embedder.EclipseLogger - Copying 1 resource
2024-05-28 13:15:10,193 [Worker-51: Building] INFO  o.e.m.c.i.embedder.EclipseLogger - Copying 30 resources
2024-05-28 13:15:10,204 [Worker-51: Building] INFO  o.e.m.c.i.embedder.EclipseLogger - Using 'UTF-8' encoding to copy filtered resources.
2024-05-28 13:15:10,205 [Worker-51: Building] INFO  o.e.m.c.i.embedder.EclipseLogger - Copying 0 resource
2024-05-28 13:16:45,412 [Worker-51: Building] INFO  o.e.m.c.i.embedder.EclipseLogger - Using 'UTF-8' encoding to copy filtered resources.
2024-05-28 13:16:45,417 [Worker-51: Building] INFO  o.e.m.c.i.embedder.EclipseLogger - Copying 1 resource
2024-05-28 13:16:45,423 [Worker-51: Building] INFO  o.e.m.c.i.embedder.EclipseLogger - Copying 30 resources
2024-05-28 13:16:45,431 [Worker-51: Building] INFO  o.e.m.c.i.embedder.EclipseLogger - Using 'UTF-8' encoding to copy filtered resources.
2024-05-28 13:16:45,432 [Worker-51: Building] INFO  o.e.m.c.i.embedder.EclipseLogger - Copying 0 resource
2024-05-28 13:17:43,255 [Worker-65: Building] INFO  o.e.m.c.i.embedder.EclipseLogger - Using 'UTF-8' encoding to copy filtered resources.
2024-05-28 13:17:43,260 [Worker-65: Building] INFO  o.e.m.c.i.embedder.EclipseLogger - Copying 1 resource
2024-05-28 13:17:43,266 [Worker-65: Building] INFO  o.e.m.c.i.embedder.EclipseLogger - Copying 30 resources
2024-05-28 13:17:43,274 [Worker-65: Building] INFO  o.e.m.c.i.embedder.EclipseLogger - Using 'UTF-8' encoding to copy filtered resources.
2024-05-28 13:17:43,274 [Worker-65: Building] INFO  o.e.m.c.i.embedder.EclipseLogger - Copying 0 resource
2024-05-28 13:17:52,042 [Worker-51: Building] INFO  o.e.m.c.i.embedder.EclipseLogger - Using 'UTF-8' encoding to copy filtered resources.
2024-05-28 13:17:52,047 [Worker-51: Building] INFO  o.e.m.c.i.embedder.EclipseLogger - Copying 1 resource
2024-05-28 13:17:52,052 [Worker-51: Building] INFO  o.e.m.c.i.embedder.EclipseLogger - Copying 30 resources
2024-05-28 13:17:52,060 [Worker-51: Building] INFO  o.e.m.c.i.embedder.EclipseLogger - Using 'UTF-8' encoding to copy filtered resources.
2024-05-28 13:17:52,060 [Worker-51: Building] INFO  o.e.m.c.i.embedder.EclipseLogger - Copying 0 resource
2024-05-28 13:18:39,409 [Worker-63: Building] INFO  o.e.m.c.i.embedder.EclipseLogger - Using 'UTF-8' encoding to copy filtered resources.
2024-05-28 13:18:39,414 [Worker-63: Building] INFO  o.e.m.c.i.embedder.EclipseLogger - Copying 1 resource
2024-05-28 13:18:39,418 [Worker-63: Building] INFO  o.e.m.c.i.embedder.EclipseLogger - Copying 30 resources
2024-05-28 13:18:39,426 [Worker-63: Building] INFO  o.e.m.c.i.embedder.EclipseLogger - Using 'UTF-8' encoding to copy filtered resources.
2024-05-28 13:18:39,427 [Worker-63: Building] INFO  o.e.m.c.i.embedder.EclipseLogger - Copying 0 resource
2024-05-28 13:21:33,784 [Worker-64: Building] INFO  o.e.m.c.i.embedder.EclipseLogger - Using 'UTF-8' encoding to copy filtered resources.
2024-05-28 13:21:33,788 [Worker-64: Building] INFO  o.e.m.c.i.embedder.EclipseLogger - Copying 1 resource
2024-05-28 13:21:33,794 [Worker-64: Building] INFO  o.e.m.c.i.embedder.EclipseLogger - Copying 30 resources
2024-05-28 13:21:33,804 [Worker-64: Building] INFO  o.e.m.c.i.embedder.EclipseLogger - Using 'UTF-8' encoding to copy filtered resources.
2024-05-28 13:21:33,804 [Worker-64: Building] INFO  o.e.m.c.i.embedder.EclipseLogger - Copying 0 resource
2024-05-28 13:21:43,452 [Worker-66: Launching Spring-CRUD-Example-Project-Management-App-master - ProjectTrackerApplication] INFO  o.e.m.c.i.embedder.EclipseLogger - Using 'UTF-8' encoding to copy filtered resources.
2024-05-28 13:21:43,457 [Worker-66: Launching Spring-CRUD-Example-Project-Management-App-master - ProjectTrackerApplication] INFO  o.e.m.c.i.embedder.EclipseLogger - Copying 1 resource
2024-05-28 13:21:43,464 [Worker-66: Launching Spring-CRUD-Example-Project-Management-App-master - ProjectTrackerApplication] INFO  o.e.m.c.i.embedder.EclipseLogger - Copying 30 resources
2024-05-28 13:21:43,475 [Worker-66: Launching Spring-CRUD-Example-Project-Management-App-master - ProjectTrackerApplication] INFO  o.e.m.c.i.embedder.EclipseLogger - Using 'UTF-8' encoding to copy filtered resources.
2024-05-28 13:21:43,476 [Worker-66: Launching Spring-CRUD-Example-Project-Management-App-master - ProjectTrackerApplication] INFO  o.e.m.c.i.embedder.EclipseLogger - Copying 0 resource
2024-05-28 13:24:59,064 [Worker-51: Building] INFO  o.e.m.c.i.embedder.EclipseLogger - Using 'UTF-8' encoding to copy filtered resources.
2024-05-28 13:24:59,069 [Worker-51: Building] INFO  o.e.m.c.i.embedder.EclipseLogger - Copying 1 resource
2024-05-28 13:24:59,076 [Worker-51: Building] INFO  o.e.m.c.i.embedder.EclipseLogger - Copying 30 resources
2024-05-28 13:24:59,085 [Worker-51: Building] INFO  o.e.m.c.i.embedder.EclipseLogger - Using 'UTF-8' encoding to copy filtered resources.
2024-05-28 13:24:59,086 [Worker-51: Building] INFO  o.e.m.c.i.embedder.EclipseLogger - Copying 0 resource
2024-05-28 13:25:09,698 [Worker-69: Building] INFO  o.e.m.c.i.embedder.EclipseLogger - Using 'UTF-8' encoding to copy filtered resources.
2024-05-28 13:25:09,703 [Worker-69: Building] INFO  o.e.m.c.i.embedder.EclipseLogger - Copying 1 resource
2024-05-28 13:25:09,708 [Worker-69: Building] INFO  o.e.m.c.i.embedder.EclipseLogger - Copying 30 resources
2024-05-28 13:25:09,717 [Worker-69: Building] INFO  o.e.m.c.i.embedder.EclipseLogger - Using 'UTF-8' encoding to copy filtered resources.
2024-05-28 13:25:09,718 [Worker-69: Building] INFO  o.e.m.c.i.embedder.EclipseLogger - Copying 0 resource
2024-05-28 13:26:12,503 [Worker-70: Building] INFO  o.e.m.c.i.embedder.EclipseLogger - Using 'UTF-8' encoding to copy filtered resources.
2024-05-28 13:26:12,507 [Worker-70: Building] INFO  o.e.m.c.i.embedder.EclipseLogger - Copying 1 resource
2024-05-28 13:26:12,512 [Worker-70: Building] INFO  o.e.m.c.i.embedder.EclipseLogger - Copying 30 resources
2024-05-28 13:26:12,519 [Worker-70: Building] INFO  o.e.m.c.i.embedder.EclipseLogger - Using 'UTF-8' encoding to copy filtered resources.
2024-05-28 13:26:12,520 [Worker-70: Building] INFO  o.e.m.c.i.embedder.EclipseLogger - Copying 0 resource
2024-05-28 13:26:32,232 [Worker-69: Building] INFO  o.e.m.c.i.embedder.EclipseLogger - Using 'UTF-8' encoding to copy filtered resources.
2024-05-28 13:26:32,236 [Worker-69: Building] INFO  o.e.m.c.i.embedder.EclipseLogger - Copying 1 resource
2024-05-28 13:26:32,241 [Worker-69: Building] INFO  o.e.m.c.i.embedder.EclipseLogger - Copying 30 resources
2024-05-28 13:26:32,248 [Worker-69: Building] INFO  o.e.m.c.i.embedder.EclipseLogger - Using 'UTF-8' encoding to copy filtered resources.
2024-05-28 13:26:32,248 [Worker-69: Building] INFO  o.e.m.c.i.embedder.EclipseLogger - Copying 0 resource
2024-05-28 13:26:41,071 [Worker-68: Building] INFO  o.e.m.c.i.embedder.EclipseLogger - Using 'UTF-8' encoding to copy filtered resources.
2024-05-28 13:26:41,076 [Worker-68: Building] INFO  o.e.m.c.i.embedder.EclipseLogger - Copying 1 resource
2024-05-28 13:26:41,083 [Worker-68: Building] INFO  o.e.m.c.i.embedder.EclipseLogger - Copying 30 resources
2024-05-28 13:26:41,091 [Worker-68: Building] INFO  o.e.m.c.i.embedder.EclipseLogger - Using 'UTF-8' encoding to copy filtered resources.
2024-05-28 13:26:41,092 [Worker-68: Building] INFO  o.e.m.c.i.embedder.EclipseLogger - Copying 0 resource
2024-05-28 13:26:49,572 [Worker-64: Building] INFO  o.e.m.c.i.embedder.EclipseLogger - Using 'UTF-8' encoding to copy filtered resources.
2024-05-28 13:26:49,576 [Worker-64: Building] INFO  o.e.m.c.i.embedder.EclipseLogger - Copying 1 resource
2024-05-28 13:26:49,582 [Worker-64: Building] INFO  o.e.m.c.i.embedder.EclipseLogger - Copying 30 resources
2024-05-28 13:26:49,589 [Worker-64: Building] INFO  o.e.m.c.i.embedder.EclipseLogger - Using 'UTF-8' encoding to copy filtered resources.
2024-05-28 13:26:49,590 [Worker-64: Building] INFO  o.e.m.c.i.embedder.EclipseLogger - Copying 0 resource
2024-05-28 13:26:58,422 [Worker-64: Building] INFO  o.e.m.c.i.embedder.EclipseLogger - Using 'UTF-8' encoding to copy filtered resources.
2024-05-28 13:26:58,429 [Worker-64: Building] INFO  o.e.m.c.i.embedder.EclipseLogger - Copying 1 resource
2024-05-28 13:26:58,436 [Worker-64: Building] INFO  o.e.m.c.i.embedder.EclipseLogger - Copying 30 resources
2024-05-28 13:26:58,446 [Worker-64: Building] INFO  o.e.m.c.i.embedder.EclipseLogger - Using 'UTF-8' encoding to copy filtered resources.
2024-05-28 13:26:58,447 [Worker-64: Building] INFO  o.e.m.c.i.embedder.EclipseLogger - Copying 0 resource
2024-05-28 13:27:06,140 [Worker-71: Building] INFO  o.e.m.c.i.embedder.EclipseLogger - Using 'UTF-8' encoding to copy filtered resources.
2024-05-28 13:27:06,146 [Worker-71: Building] INFO  o.e.m.c.i.embedder.EclipseLogger - Copying 1 resource
2024-05-28 13:27:06,151 [Worker-71: Building] INFO  o.e.m.c.i.embedder.EclipseLogger - Copying 30 resources
2024-05-28 13:27:06,162 [Worker-71: Building] INFO  o.e.m.c.i.embedder.EclipseLogger - Using 'UTF-8' encoding to copy filtered resources.
2024-05-28 13:27:06,163 [Worker-71: Building] INFO  o.e.m.c.i.embedder.EclipseLogger - Copying 0 resource
2024-05-28 13:27:15,259 [Worker-69: Building] INFO  o.e.m.c.i.embedder.EclipseLogger - Using 'UTF-8' encoding to copy filtered resources.
2024-05-28 13:27:15,263 [Worker-69: Building] INFO  o.e.m.c.i.embedder.EclipseLogger - Copying 1 resource
2024-05-28 13:27:15,269 [Worker-69: Building] INFO  o.e.m.c.i.embedder.EclipseLogger - Copying 30 resources
2024-05-28 13:27:15,278 [Worker-69: Building] INFO  o.e.m.c.i.embedder.EclipseLogger - Using 'UTF-8' encoding to copy filtered resources.
2024-05-28 13:27:15,279 [Worker-69: Building] INFO  o.e.m.c.i.embedder.EclipseLogger - Copying 0 resource
2024-05-28 13:27:24,916 [Worker-67: Building] INFO  o.e.m.c.i.embedder.EclipseLogger - Using 'UTF-8' encoding to copy filtered resources.
2024-05-28 13:27:24,920 [Worker-67: Building] INFO  o.e.m.c.i.embedder.EclipseLogger - Copying 1 resource
2024-05-28 13:27:24,925 [Worker-67: Building] INFO  o.e.m.c.i.embedder.EclipseLogger - Copying 30 resources
2024-05-28 13:27:24,932 [Worker-67: Building] INFO  o.e.m.c.i.embedder.EclipseLogger - Using 'UTF-8' encoding to copy filtered resources.
2024-05-28 13:27:24,933 [Worker-67: Building] INFO  o.e.m.c.i.embedder.EclipseLogger - Copying 0 resource
2024-05-28 13:27:43,463 [Worker-51: Building] INFO  o.e.m.c.i.embedder.EclipseLogger - Using 'UTF-8' encoding to copy filtered resources.
2024-05-28 13:27:43,468 [Worker-51: Building] INFO  o.e.m.c.i.embedder.EclipseLogger - Copying 1 resource
2024-05-28 13:27:43,475 [Worker-51: Building] INFO  o.e.m.c.i.embedder.EclipseLogger - Copying 30 resources
2024-05-28 13:27:43,485 [Worker-51: Building] INFO  o.e.m.c.i.embedder.EclipseLogger - Using 'UTF-8' encoding to copy filtered resources.
2024-05-28 13:27:43,486 [Worker-51: Building] INFO  o.e.m.c.i.embedder.EclipseLogger - Copying 0 resource
2024-05-28 13:27:51,777 [Worker-68: Building] INFO  o.e.m.c.i.embedder.EclipseLogger - Using 'UTF-8' encoding to copy filtered resources.
2024-05-28 13:27:51,781 [Worker-68: Building] INFO  o.e.m.c.i.embedder.EclipseLogger - Copying 1 resource
2024-05-28 13:27:51,786 [Worker-68: Building] INFO  o.e.m.c.i.embedder.EclipseLogger - Copying 30 resources
2024-05-28 13:27:51,793 [Worker-68: Building] INFO  o.e.m.c.i.embedder.EclipseLogger - Using 'UTF-8' encoding to copy filtered resources.
2024-05-28 13:27:51,793 [Worker-68: Building] INFO  o.e.m.c.i.embedder.EclipseLogger - Copying 0 resource
2024-05-28 13:28:14,220 [Worker-70: Building] INFO  o.e.m.c.i.embedder.EclipseLogger - Using 'UTF-8' encoding to copy filtered resources.
2024-05-28 13:28:14,226 [Worker-70: Building] INFO  o.e.m.c.i.embedder.EclipseLogger - Copying 1 resource
2024-05-28 13:28:14,231 [Worker-70: Building] INFO  o.e.m.c.i.embedder.EclipseLogger - Copying 30 resources
2024-05-28 13:28:14,238 [Worker-70: Building] INFO  o.e.m.c.i.embedder.EclipseLogger - Using 'UTF-8' encoding to copy filtered resources.
2024-05-28 13:28:14,239 [Worker-70: Building] INFO  o.e.m.c.i.embedder.EclipseLogger - Copying 0 resource
2024-05-28 13:28:20,474 [Worker-70: Building] INFO  o.e.m.c.i.embedder.EclipseLogger - Using 'UTF-8' encoding to copy filtered resources.
2024-05-28 13:28:20,478 [Worker-70: Building] INFO  o.e.m.c.i.embedder.EclipseLogger - Copying 1 resource
2024-05-28 13:28:20,483 [Worker-70: Building] INFO  o.e.m.c.i.embedder.EclipseLogger - Copying 30 resources
2024-05-28 13:28:20,489 [Worker-70: Building] INFO  o.e.m.c.i.embedder.EclipseLogger - Using 'UTF-8' encoding to copy filtered resources.
2024-05-28 13:28:20,489 [Worker-70: Building] INFO  o.e.m.c.i.embedder.EclipseLogger - Copying 0 resource
2024-05-28 13:28:23,659 [Worker-51: Building] INFO  o.e.m.c.i.embedder.EclipseLogger - Using 'UTF-8' encoding to copy filtered resources.
2024-05-28 13:28:23,663 [Worker-51: Building] INFO  o.e.m.c.i.embedder.EclipseLogger - Copying 1 resource
2024-05-28 13:28:23,667 [Worker-51: Building] INFO  o.e.m.c.i.embedder.EclipseLogger - Copying 30 resources
2024-05-28 13:28:23,675 [Worker-51: Building] INFO  o.e.m.c.i.embedder.EclipseLogger - Using 'UTF-8' encoding to copy filtered resources.
2024-05-28 13:28:23,675 [Worker-51: Building] INFO  o.e.m.c.i.embedder.EclipseLogger - Copying 0 resource
2024-05-28 13:28:34,953 [Worker-51: Building] INFO  o.e.m.c.i.embedder.EclipseLogger - Using 'UTF-8' encoding to copy filtered resources.
2024-05-28 13:28:34,957 [Worker-51: Building] INFO  o.e.m.c.i.embedder.EclipseLogger - Copying 1 resource
2024-05-28 13:28:34,963 [Worker-51: Building] INFO  o.e.m.c.i.embedder.EclipseLogger - Copying 30 resources
2024-05-28 13:28:34,975 [Worker-51: Building] INFO  o.e.m.c.i.embedder.EclipseLogger - Using 'UTF-8' encoding to copy filtered resources.
2024-05-28 13:28:34,976 [Worker-51: Building] INFO  o.e.m.c.i.embedder.EclipseLogger - Copying 0 resource
2024-05-28 13:32:01,267 [Worker-69: Building] INFO  o.e.m.c.i.embedder.EclipseLogger - Using 'UTF-8' encoding to copy filtered resources.
2024-05-28 13:32:01,271 [Worker-69: Building] INFO  o.e.m.c.i.embedder.EclipseLogger - Copying 0 resource
2024-05-28 13:32:01,278 [Worker-69: Building] INFO  o.e.m.c.i.embedder.EclipseLogger - Copying 1 resource
2024-05-28 13:32:01,284 [Worker-69: Building] INFO  o.e.m.c.i.embedder.EclipseLogger - Using 'UTF-8' encoding to copy filtered resources.
2024-05-28 13:32:01,284 [Worker-69: Building] INFO  o.e.m.c.i.embedder.EclipseLogger - Copying 0 resource
2024-05-28 13:34:01,571 [Worker-69: Building] INFO  o.e.m.c.i.embedder.EclipseLogger - Using 'UTF-8' encoding to copy filtered resources.
2024-05-28 13:34:01,574 [Worker-69: Building] INFO  o.e.m.c.i.embedder.EclipseLogger - Copying 0 resource
2024-05-28 13:34:01,580 [Worker-69: Building] INFO  o.e.m.c.i.embedder.EclipseLogger - Copying 1 resource
2024-05-28 13:34:01,586 [Worker-69: Building] INFO  o.e.m.c.i.embedder.EclipseLogger - Using 'UTF-8' encoding to copy filtered resources.
2024-05-28 13:34:01,586 [Worker-69: Building] INFO  o.e.m.c.i.embedder.EclipseLogger - Copying 0 resource
2024-05-28 13:35:50,884 [Worker-61: Building] INFO  o.e.m.c.i.embedder.EclipseLogger - Using 'UTF-8' encoding to copy filtered resources.
2024-05-28 13:35:50,892 [Worker-61: Building] INFO  o.e.m.c.i.embedder.EclipseLogger - Copying 1 resource
2024-05-28 13:35:50,908 [Worker-61: Building] INFO  o.e.m.c.i.embedder.EclipseLogger - Copying 30 resources
2024-05-28 13:35:50,921 [Worker-61: Building] INFO  o.e.m.c.i.embedder.EclipseLogger - Using 'UTF-8' encoding to copy filtered resources.
2024-05-28 13:35:50,923 [Worker-61: Building] INFO  o.e.m.c.i.embedder.EclipseLogger - Copying 0 resource
2024-05-28 13:36:43,960 [Worker-70: Building] INFO  o.e.m.c.i.embedder.EclipseLogger - Using 'UTF-8' encoding to copy filtered resources.
2024-05-28 13:36:43,964 [Worker-70: Building] INFO  o.e.m.c.i.embedder.EclipseLogger - Copying 1 resource
2024-05-28 13:36:43,969 [Worker-70: Building] INFO  o.e.m.c.i.embedder.EclipseLogger - Copying 30 resources
2024-05-28 13:36:43,976 [Worker-70: Building] INFO  o.e.m.c.i.embedder.EclipseLogger - Using 'UTF-8' encoding to copy filtered resources.
2024-05-28 13:36:43,977 [Worker-70: Building] INFO  o.e.m.c.i.embedder.EclipseLogger - Copying 0 resource
2024-05-28 13:38:05,366 [Worker-73: Building] INFO  o.e.m.c.i.embedder.EclipseLogger - Using 'UTF-8' encoding to copy filtered resources.
2024-05-28 13:38:05,371 [Worker-73: Building] INFO  o.e.m.c.i.embedder.EclipseLogger - Copying 1 resource
2024-05-28 13:38:05,376 [Worker-73: Building] INFO  o.e.m.c.i.embedder.EclipseLogger - Copying 30 resources
2024-05-28 13:38:05,384 [Worker-73: Building] INFO  o.e.m.c.i.embedder.EclipseLogger - Using 'UTF-8' encoding to copy filtered resources.
2024-05-28 13:38:05,385 [Worker-73: Building] INFO  o.e.m.c.i.embedder.EclipseLogger - Copying 0 resource
2024-05-28 13:41:12,535 [Worker-64: Building] INFO  o.e.m.c.i.embedder.EclipseLogger - Using 'UTF-8' encoding to copy filtered resources.
2024-05-28 13:41:12,540 [Worker-64: Building] INFO  o.e.m.c.i.embedder.EclipseLogger - Copying 1 resource
2024-05-28 13:41:12,546 [Worker-64: Building] INFO  o.e.m.c.i.embedder.EclipseLogger - Copying 30 resources
2024-05-28 13:41:12,555 [Worker-64: Building] INFO  o.e.m.c.i.embedder.EclipseLogger - Using 'UTF-8' encoding to copy filtered resources.
2024-05-28 13:41:12,556 [Worker-64: Building] INFO  o.e.m.c.i.embedder.EclipseLogger - Copying 0 resource
2024-05-28 14:32:54,384 [Worker-61: Building] INFO  o.e.m.c.i.embedder.EclipseLogger - Using 'UTF-8' encoding to copy filtered resources.
2024-05-28 14:32:54,396 [Worker-61: Building] INFO  o.e.m.c.i.embedder.EclipseLogger - Copying 0 resource
2024-05-28 14:32:54,409 [Worker-61: Building] INFO  o.e.m.c.i.embedder.EclipseLogger - Copying 1 resource
2024-05-28 14:32:54,419 [Worker-61: Building] INFO  o.e.m.c.i.embedder.EclipseLogger - Using 'UTF-8' encoding to copy filtered resources.
2024-05-28 14:32:54,420 [Worker-61: Building] INFO  o.e.m.c.i.embedder.EclipseLogger - Copying 0 resource
2024-05-28 14:34:36,799 [Worker-61: Building] INFO  o.e.m.c.i.embedder.EclipseLogger - Using 'UTF-8' encoding to copy filtered resources.
2024-05-28 14:34:36,808 [Worker-61: Building] INFO  o.e.m.c.i.embedder.EclipseLogger - Copying 0 resource
2024-05-28 14:34:36,824 [Worker-61: Building] INFO  o.e.m.c.i.embedder.EclipseLogger - Copying 1 resource
2024-05-28 14:34:36,834 [Worker-61: Building] INFO  o.e.m.c.i.embedder.EclipseLogger - Using 'UTF-8' encoding to copy filtered resources.
2024-05-28 14:34:36,835 [Worker-61: Building] INFO  o.e.m.c.i.embedder.EclipseLogger - Copying 0 resource
2024-05-28 14:35:05,719 [Worker-71: Building] INFO  o.e.m.c.i.embedder.EclipseLogger - Using 'UTF-8' encoding to copy filtered resources.
2024-05-28 14:35:05,727 [Worker-71: Building] INFO  o.e.m.c.i.embedder.EclipseLogger - Copying 0 resource
2024-05-28 14:35:05,745 [Worker-71: Building] INFO  o.e.m.c.i.embedder.EclipseLogger - Copying 1 resource
2024-05-28 14:35:05,759 [Worker-71: Building] INFO  o.e.m.c.i.embedder.EclipseLogger - Using 'UTF-8' encoding to copy filtered resources.
2024-05-28 14:35:05,761 [Worker-71: Building] INFO  o.e.m.c.i.embedder.EclipseLogger - Copying 0 resource
